2022-05-22 17:50:50,126 : DEBUG : Запрошены все посты.
2022-05-22 17:51:30,366 : DEBUG : Запрошены все посты.
2022-05-22 17:51:30,368 : DEBUG : Не удaлось загрузить посты.
2022-05-22 17:52:57,836 : DEBUG : Запрошены все посты.
2022-05-22 17:52:57,839 : DEBUG : Получены все посты.
2022-05-22 17:53:37,022 : DEBUG : Запрошены все посты через API.
2022-05-22 17:54:26,013 : DEBUG : Запрошены все посты через API.
2022-05-22 17:54:26,013 : DEBUG : Запрошен пост по ID 1 через API.
2022-05-22 18:09:25,416 : DEBUG : Запрошены все посты.
2022-05-22 18:09:25,417 : DEBUG : Получены все посты.
2022-05-22 18:16:25,884 : DEBUG : Запрошены все посты.
2022-05-22 18:16:25,887 : DEBUG : Получены все посты.
2022-05-22 18:17:42,976 : DEBUG : Запрошены все посты.
2022-05-22 18:17:42,978 : DEBUG : Получены все посты.
2022-05-22 18:24:16,964 : DEBUG : Запрошены все посты.
2022-05-22 18:24:16,966 : DEBUG : Получены все посты.
2022-05-22 18:25:01,910 : DEBUG : Запрошены все посты.
2022-05-22 18:25:01,912 : DEBUG : Получены все посты.
2022-05-22 18:25:22,874 : DEBUG : Запрошены все посты.
2022-05-22 18:25:22,876 : DEBUG : Получены все посты.
2022-05-22 18:29:53,966 : DEBUG : Запрошены все посты.
2022-05-22 18:29:53,967 : DEBUG : Получены все посты.
2022-05-22 18:30:02,328 : DEBUG : Запрошен пост по ID 8.
2022-05-22 18:30:02,329 : DEBUG : Получен пост по ID 8.
2022-05-22 18:30:06,689 : DEBUG : Запрошен пост по имени larry.
2022-05-22 18:30:06,691 : DEBUG : Получен пост по имени larry.
2022-05-22 18:30:13,483 : DEBUG : Запрошены все посты по тэгу Путешествия.
2022-05-22 18:30:13,484 : DEBUG : Получены все посты по тэгу Путешествия.
2022-05-22 18:30:22,744 : DEBUG : Запрошены все посты.
2022-05-22 18:30:22,746 : DEBUG : Получены все посты.
2022-05-22 18:30:26,890 : DEBUG : Идёт поиск слова Вышел.
2022-05-22 18:30:34,479 : DEBUG : Запрошены все посты по тэгу любовькживотным.
2022-05-22 18:30:34,480 : DEBUG : Получены все посты по тэгу любовькживотным.
2022-05-22 18:30:40,198 : DEBUG : Запрошен пост по имени leo.
2022-05-22 18:30:40,199 : DEBUG : Получен пост по имени leo.
2022-05-22 18:30:43,093 : DEBUG : Запрошены все посты по тэгу котики.
2022-05-22 18:30:43,094 : DEBUG : Получены все посты по тэгу котики.
2022-05-22 18:30:48,121 : DEBUG : Добавлна закладка.
2022-05-22 18:30:48,164 : DEBUG : Запрошены все посты.
2022-05-22 18:30:48,177 : DEBUG : Получены все посты.
2022-05-22 18:30:50,006 : DEBUG : Запрошены все закладки.
2022-05-22 18:30:50,007 : DEBUG : Получены все закладки.
2022-05-22 18:30:51,546 : DEBUG : Запрошены все посты.
2022-05-22 18:30:51,547 : DEBUG : Получены все посты.
2022-05-22 18:30:53,705 : DEBUG : Запрошены все посты.
2022-05-22 18:30:53,707 : DEBUG : Получены все посты.
2022-05-22 18:30:55,087 : DEBUG : Запрошен пост по имени leo.
2022-05-22 18:30:55,088 : DEBUG : Получен пост по имени leo.
2022-05-22 18:30:57,267 : DEBUG : Добавлна закладка.
2022-05-22 18:30:57,323 : DEBUG : Запрошены все посты.
2022-05-22 18:30:57,328 : DEBUG : Получены все посты.
2022-05-22 18:30:58,843 : DEBUG : Запрошены все закладки.
2022-05-22 18:30:58,844 : DEBUG : Получены все закладки.
2022-05-22 18:31:01,940 : DEBUG : Удалена закладка.
2022-05-22 18:31:01,962 : DEBUG : Запрошены все посты.
2022-05-22 18:31:01,969 : DEBUG : Получены все посты.
2022-05-22 18:31:03,037 : DEBUG : Запрошены все закладки.
2022-05-22 18:31:03,038 : DEBUG : Получены все закладки.
2022-05-22 18:31:03,962 : DEBUG : Удалена закладка.
2022-05-22 18:31:03,985 : DEBUG : Запрошены все посты.
2022-05-22 18:31:03,986 : DEBUG : Получены все посты.
2022-05-22 18:32:38,175 : DEBUG : Запрошен пост по имени leo.
2022-05-22 18:32:38,177 : DEBUG : Получен пост по имени leo.
2022-05-22 18:32:41,631 : DEBUG : Запрошены все посты по тэгу food.
2022-05-22 18:32:41,632 : DEBUG : Получены все посты по тэгу food.
2022-05-22 18:32:43,569 : DEBUG : Запрошены все посты.
2022-05-22 18:32:43,571 : DEBUG : Получены все посты.
2022-05-22 18:32:47,196 : DEBUG : Запрошен пост по имени leo.
2022-05-22 18:32:47,198 : DEBUG : Получен пост по имени leo.
2022-05-22 18:32:51,330 : DEBUG : Запрошены все посты.
2022-05-22 18:32:51,334 : DEBUG : Получены все посты.
2022-05-22 18:32:53,798 : DEBUG : Запрошены все закладки.
2022-05-22 18:32:53,798 : DEBUG : Получены все закладки.
2022-05-22 18:33:03,719 : DEBUG : Добавлна закладка.
2022-05-22 18:33:03,752 : DEBUG : Запрошены все посты.
2022-05-22 18:33:03,760 : DEBUG : Получены все посты.
2022-05-22 18:33:10,382 : DEBUG : Добавлна закладка.
2022-05-22 18:33:10,432 : DEBUG : Запрошены все посты.
2022-05-22 18:33:10,441 : DEBUG : Получены все посты.
2022-05-22 18:33:16,954 : DEBUG : Добавлна закладка.
2022-05-22 18:33:17,009 : DEBUG : Запрошены все посты.
2022-05-22 18:33:17,017 : DEBUG : Получены все посты.
2022-05-22 18:33:22,056 : DEBUG : Запрошены все закладки.
2022-05-22 18:33:22,056 : DEBUG : Получены все закладки.
2022-05-22 18:33:41,860 : DEBUG : Запрошен пост по ID 5.
2022-05-22 18:33:41,861 : DEBUG : Получен пост по ID 5.
2022-05-22 19:47:41,441 : DEBUG : Запрошены все посты.
2022-05-22 19:47:41,443 : DEBUG : Получены все посты.
2022-05-22 19:47:46,688 : DEBUG : Запрошен пост по ID 1.
2022-05-22 19:47:46,689 : DEBUG : Получен пост по ID 1.
2022-05-22 19:47:49,898 : DEBUG : Запрошены все посты.
2022-05-22 19:47:49,900 : DEBUG : Получены все посты.
2022-05-22 19:47:51,037 : DEBUG : Запрошен пост по имени leo.
2022-05-22 19:47:51,038 : DEBUG : Получен пост по имени leo.
2022-05-22 19:47:53,129 : DEBUG : Запрошены все посты по тэгу food.
2022-05-22 19:47:53,130 : DEBUG : Получены все посты по тэгу food.
2022-05-22 19:47:57,135 : DEBUG : Запрошены все посты.
2022-05-22 19:47:57,136 : DEBUG : Получены все посты.
2022-05-22 19:48:00,183 : DEBUG : Идёт поиск слова Ага.
2022-05-22 19:48:03,727 : DEBUG : Запрошены все посты.
2022-05-22 19:48:03,728 : DEBUG : Получены все посты.
2022-05-22 19:48:04,748 : DEBUG : Запрошены все закладки.
2022-05-22 19:48:04,749 : DEBUG : Получены все закладки.
2022-05-22 19:48:12,274 : DEBUG : Запрошен пост по ID 7.
2022-05-22 19:48:12,275 : DEBUG : Получен пост по ID 7.
2022-05-22 19:49:12,944 : DEBUG : Запрошены все посты.
2022-05-22 19:49:12,945 : DEBUG : Получены все посты.
2022-05-22 19:49:14,941 : DEBUG : Запрошены все закладки.
2022-05-22 19:49:14,942 : DEBUG : Получены все закладки.
2022-05-22 19:49:16,407 : DEBUG : Запрошен пост по ID 7.
2022-05-22 19:49:16,408 : DEBUG : Получен пост по ID 7.
2022-05-22 19:49:23,207 : DEBUG : Запрошен пост по ID 5.
2022-05-22 19:49:23,208 : DEBUG : Получен пост по ID 5.
2022-05-22 19:50:11,381 : DEBUG : Запрошены все посты.
2022-05-22 19:50:11,382 : DEBUG : Получены все посты.
2022-05-22 19:50:14,983 : DEBUG : Запрошены все закладки.
2022-05-22 19:50:14,984 : DEBUG : Получены все закладки.
2022-05-22 19:51:39,799 : DEBUG : Запрошены все посты.
2022-05-22 19:51:39,800 : DEBUG : Получены все посты.
2022-05-22 19:51:43,390 : DEBUG : Запрошен пост по ID 1.
2022-05-22 19:51:43,390 : DEBUG : Получен пост по ID 1.
2022-05-22 19:51:51,720 : DEBUG : Запрошен пост по ID 2.
2022-05-22 19:51:51,721 : DEBUG : Получен пост по ID 2.
2022-05-22 19:53:10,819 : DEBUG : Запрошены все посты.
2022-05-22 19:53:10,821 : DEBUG : Получены все посты.
2022-05-22 19:53:49,202 : DEBUG : Запрошены все посты.
2022-05-22 19:53:49,203 : DEBUG : Получены все посты.
2022-05-22 19:53:50,542 : DEBUG : Запрошены все закладки.
2022-05-22 19:53:50,543 : DEBUG : Получены все закладки.
2022-05-22 19:54:13,811 : DEBUG : Запрошены все посты.
2022-05-22 19:54:13,812 : DEBUG : Получены все посты.
2022-05-22 19:54:15,188 : DEBUG : Запрошены все закладки.
2022-05-22 19:54:15,189 : DEBUG : Получены все закладки.
2022-05-22 19:54:41,429 : DEBUG : Запрошены все посты.
2022-05-22 19:54:41,431 : DEBUG : Получены все посты.
2022-05-22 19:54:44,002 : DEBUG : Запрошены все закладки.
2022-05-22 19:54:44,003 : DEBUG : Получены все закладки.
2022-05-22 19:55:14,879 : DEBUG : Запрошены все посты.
2022-05-22 19:55:14,880 : DEBUG : Получены все посты.
2022-05-22 19:55:16,245 : DEBUG : Запрошены все закладки.
2022-05-22 19:55:16,245 : DEBUG : Получены все закладки.
2022-05-22 19:55:56,228 : DEBUG : Запрошены все посты.
2022-05-22 19:55:56,230 : DEBUG : Получены все посты.
2022-05-22 19:56:07,885 : DEBUG : Запрошены все закладки.
2022-05-22 19:56:07,886 : DEBUG : Получены все закладки.
2022-05-22 19:56:13,314 : DEBUG : Удалена закладка.
2022-05-22 19:56:13,366 : DEBUG : Запрошены все посты.
2022-05-22 19:56:13,367 : DEBUG : Получены все посты.
